[srv-clst-t-861.cluster:14723] pml_ucx.c:226 Error: UCP worker does not support MPI_THREAD_MULTIPLE
[srv-clst-t-861.cluster:14732] pml_ucx.c:226 Error: UCP worker does not support MPI_THREAD_MULTIPLE
[srv-clst-t-861.cluster:14728] pml_ucx.c:226 Error: UCP worker does not support MPI_THREAD_MULTIPLE
[srv-clst-t-861.cluster:14729] pml_ucx.c:226 Error: UCP worker does not support MPI_THREAD_MULTIPLE
[srv-clst-t-861.cluster:14721] pml_ucx.c:226 Error: UCP worker does not support MPI_THREAD_MULTIPLE
[srv-clst-t-864.cluster:11838] pml_ucx.c:226 Error: UCP worker does not support MPI_THREAD_MULTIPLE
[srv-clst-t-861.cluster:14736] pml_ucx.c:226 Error: UCP worker does not support MPI_THREAD_MULTIPLE
[srv-clst-t-865.cluster:12713] pml_ucx.c:226 Error: UCP worker does not support MPI_THREAD_MULTIPLE
[srv-clst-t-864.cluster:11829] pml_ucx.c:226 Error: UCP worker does not support MPI_THREAD_MULTIPLE
[srv-clst-t-860.cluster:19269] pml_ucx.c:226 Error: UCP worker does not support MPI_THREAD_MULTIPLE
[srv-clst-t-861.cluster:14737] pml_ucx.c:226 Error: UCP worker does not support MPI_THREAD_MULTIPLE
[srv-clst-t-865.cluster:12708] pml_ucx.c:226 Error: UCP worker does not support MPI_THREAD_MULTIPLE
[srv-clst-t-864.cluster:11840] pml_ucx.c:226 Error: UCP worker does not support MPI_THREAD_MULTIPLE
[srv-clst-t-865.cluster:12722] pml_ucx.c:226 Error: UCP worker does not support MPI_THREAD_MULTIPLE
[srv-clst-t-864.cluster:11836] pml_ucx.c:226 Error: UCP worker does not support MPI_THREAD_MULTIPLE
[srv-clst-t-860.cluster:19273] pml_ucx.c:226 Error: UCP worker does not support MPI_THREAD_MULTIPLE
[srv-clst-t-861.cluster:14739] pml_ucx.c:226 Error: UCP worker does not support MPI_THREAD_MULTIPLE
[srv-clst-t-861.cluster:14733] pml_ucx.c:226 Error: UCP worker does not support MPI_THREAD_MULTIPLE
[srv-clst-t-865.cluster:12710] pml_ucx.c:226 Error: UCP worker does not support MPI_THREAD_MULTIPLE
[srv-clst-t-861.cluster:14724] pml_ucx.c:226 Error: UCP worker does not support MPI_THREAD_MULTIPLE
[srv-clst-t-860.cluster:19283] pml_ucx.c:226 Error: UCP worker does not support MPI_THREAD_MULTIPLE
[srv-clst-t-861.cluster:14726] pml_ucx.c:226 Error: UCP worker does not support MPI_THREAD_MULTIPLE
[srv-clst-t-864.cluster:11823] pml_ucx.c:226 Error: UCP worker does not support MPI_THREAD_MULTIPLE
[srv-clst-t-864.cluster:11827] pml_ucx.c:226 Error: UCP worker does not support MPI_THREAD_MULTIPLE
[srv-clst-t-864.cluster:11822] pml_ucx.c:226 Error: UCP worker does not support MPI_THREAD_MULTIPLE
[srv-clst-t-861.cluster:14725] pml_ucx.c:226 Error: UCP worker does not support MPI_THREAD_MULTIPLE
[srv-clst-t-864.cluster:11833] pml_ucx.c:226 Error: UCP worker does not support MPI_THREAD_MULTIPLE
[srv-clst-t-865.cluster:12711] pml_ucx.c:226 Error: UCP worker does not support MPI_THREAD_MULTIPLE
[srv-clst-t-861.cluster:14722] pml_ucx.c:226 Error: UCP worker does not support MPI_THREAD_MULTIPLE
[srv-clst-t-861.cluster:14738] pml_ucx.c:226 Error: UCP worker does not support MPI_THREAD_MULTIPLE
[srv-clst-t-861.cluster:14735] pml_ucx.c:226 Error: UCP worker does not support MPI_THREAD_MULTIPLE
[srv-clst-t-864.cluster:11832] pml_ucx.c:226 Error: UCP worker does not support MPI_THREAD_MULTIPLE
[srv-clst-t-861.cluster:14730] pml_ucx.c:226 Error: UCP worker does not support MPI_THREAD_MULTIPLE
[srv-clst-t-860.cluster:19279] pml_ucx.c:226 Error: UCP worker does not support MPI_THREAD_MULTIPLE
[srv-clst-t-865.cluster:12714] pml_ucx.c:226 Error: UCP worker does not support MPI_THREAD_MULTIPLE
[srv-clst-t-861.cluster:14731] pml_ucx.c:226 Error: UCP worker does not support MPI_THREAD_MULTIPLE
[srv-clst-t-861.cluster:14734] pml_ucx.c:226 Error: UCP worker does not support MPI_THREAD_MULTIPLE
[srv-clst-t-865.cluster:12720] pml_ucx.c:226 Error: UCP worker does not support MPI_THREAD_MULTIPLE
[srv-clst-t-860.cluster:19274] pml_ucx.c:226 Error: UCP worker does not support MPI_THREAD_MULTIPLE
[srv-clst-t-861.cluster:14720] pml_ucx.c:226 Error: UCP worker does not support MPI_THREAD_MULTIPLE
[srv-clst-t-865.cluster:12716] pml_ucx.c:226 Error: UCP worker does not support MPI_THREAD_MULTIPLE
[srv-clst-t-860.cluster:19277] pml_ucx.c:226 Error: UCP worker does not support MPI_THREAD_MULTIPLE
[srv-clst-t-861.cluster:14727] pml_ucx.c:226 Error: UCP worker does not support MPI_THREAD_MULTIPLE
[srv-clst-t-864.cluster:11828] pml_ucx.c:226 Error: UCP worker does not support MPI_THREAD_MULTIPLE
[srv-clst-t-865.cluster:12721] pml_ucx.c:226 Error: UCP worker does not support MPI_THREAD_MULTIPLE
[srv-clst-t-864.cluster:11834] pml_ucx.c:226 Error: UCP worker does not support MPI_THREAD_MULTIPLE
[srv-clst-t-864.cluster:11835] pml_ucx.c:226 Error: UCP worker does not support MPI_THREAD_MULTIPLE
[srv-clst-t-860.cluster:19282] pml_ucx.c:226 Error: UCP worker does not support MPI_THREAD_MULTIPLE
[srv-clst-t-865.cluster:12726] pml_ucx.c:226 Error: UCP worker does not support MPI_THREAD_MULTIPLE
[srv-clst-t-860.cluster:19280] pml_ucx.c:226 Error: UCP worker does not support MPI_THREAD_MULTIPLE
[srv-clst-t-860.cluster:19268] pml_ucx.c:226 Error: UCP worker does not support MPI_THREAD_MULTIPLE
[srv-clst-t-864.cluster:11841] pml_ucx.c:226 Error: UCP worker does not support MPI_THREAD_MULTIPLE
[srv-clst-t-865.cluster:12719] pml_ucx.c:226 Error: UCP worker does not support MPI_THREAD_MULTIPLE
[srv-clst-t-860.cluster:19271] pml_ucx.c:226 Error: UCP worker does not support MPI_THREAD_MULTIPLE
[srv-clst-t-864.cluster:11837] pml_ucx.c:226 Error: UCP worker does not support MPI_THREAD_MULTIPLE
[srv-clst-t-865.cluster:12712] pml_ucx.c:226 Error: UCP worker does not support MPI_THREAD_MULTIPLE
[srv-clst-t-865.cluster:12723] pml_ucx.c:226 Error: UCP worker does not support MPI_THREAD_MULTIPLE
[srv-clst-t-860.cluster:19286] pml_ucx.c:226 Error: UCP worker does not support MPI_THREAD_MULTIPLE
[srv-clst-t-865.cluster:12715] pml_ucx.c:226 Error: UCP worker does not support MPI_THREAD_MULTIPLE
[srv-clst-t-860.cluster:19275] pml_ucx.c:226 Error: UCP worker does not support MPI_THREAD_MULTIPLE
[srv-clst-t-865.cluster:12717] pml_ucx.c:226 Error: UCP worker does not support MPI_THREAD_MULTIPLE
[srv-clst-t-865.cluster:12725] pml_ucx.c:226 Error: UCP worker does not support MPI_THREAD_MULTIPLE
[srv-clst-t-864.cluster:11825] pml_ucx.c:226 Error: UCP worker does not support MPI_THREAD_MULTIPLE
[srv-clst-t-865.cluster:12707] pml_ucx.c:226 Error: UCP worker does not support MPI_THREAD_MULTIPLE
[srv-clst-t-864.cluster:11831] pml_ucx.c:226 Error: UCP worker does not support MPI_THREAD_MULTIPLE
[srv-clst-t-864.cluster:11824] pml_ucx.c:226 Error: UCP worker does not support MPI_THREAD_MULTIPLE
[srv-clst-t-864.cluster:11826] pml_ucx.c:226 Error: UCP worker does not support MPI_THREAD_MULTIPLE
[srv-clst-t-864.cluster:11839] pml_ucx.c:226 Error: UCP worker does not support MPI_THREAD_MULTIPLE
[srv-clst-t-864.cluster:11830] pml_ucx.c:226 Error: UCP worker does not support MPI_THREAD_MULTIPLE
[srv-clst-t-865.cluster:12724] pml_ucx.c:226 Error: UCP worker does not support MPI_THREAD_MULTIPLE
[srv-clst-t-865.cluster:12709] pml_ucx.c:226 Error: UCP worker does not support MPI_THREAD_MULTIPLE
[srv-clst-t-865.cluster:12718] pml_ucx.c:226 Error: UCP worker does not support MPI_THREAD_MULTIPLE
[srv-clst-t-860.cluster:19281] pml_ucx.c:226 Error: UCP worker does not support MPI_THREAD_MULTIPLE
[srv-clst-t-860.cluster:19278] pml_ucx.c:226 Error: UCP worker does not support MPI_THREAD_MULTIPLE
[srv-clst-t-860.cluster:19287] pml_ucx.c:226 Error: UCP worker does not support MPI_THREAD_MULTIPLE
[srv-clst-t-860.cluster:19284] pml_ucx.c:226 Error: UCP worker does not support MPI_THREAD_MULTIPLE
[srv-clst-t-860.cluster:19272] pml_ucx.c:226 Error: UCP worker does not support MPI_THREAD_MULTIPLE
[srv-clst-t-860.cluster:19270] pml_ucx.c:226 Error: UCP worker does not support MPI_THREAD_MULTIPLE
[srv-clst-t-860.cluster:19285] pml_ucx.c:226 Error: UCP worker does not support MPI_THREAD_MULTIPLE
[srv-clst-t-860.cluster:19276] pml_ucx.c:226 Error: UCP worker does not support MPI_THREAD_MULTIPLE
#
# ADflow, multiblock structured flow solver
#
# This code solves the 3D RANS, laminar NS or Euler equations
# on multiblock structured hexahedral grids.
# This is a parallel executable running on 80 processors.
# It has been compiled with the following options:
# - Optimized mode.
# - Size of standard integers: 4 bytes.
# - Size of standard floating point types: 8 bytes.
# - With cgns support
# - With support for signals.
#
+---------------------------------------+
|          All ADFLOW Options:          |
+---------------------------------------+
{'adjointdivtol': 100000.0,
 'adjointl2convergence': 1e-06,
 'adjointl2convergenceabs': 1e-16,
 'adjointl2convergencerel': 1e-16,
 'adjointmaxiter': 500,
 'adjointmonitorstep': 10,
 'adjointsolver': 'gmres',
 'adjointsubspacesize': 100,
 'adpc': False,
 'agmglevels': 1,
 'agmgnsmooth': 3,
 'alphafollowing': True,
 'alphamode': False,
 'altitudemode': False,
 'ankadpc': False,
 'ankasmoverlap': 1,
 'ankcfl0': 5.0,
 'ankcflcutback': 0.5,
 'ankcflexponent': 0.5,
 'ankcflfactor': 10.0,
 'ankcfllimit': 100000.0,
 'ankcflmin': 1.0,
 'ankconstcflstep': 0.4,
 'ankcoupledswitchtol': 1e-16,
 'ankinnerpreconits': 1,
 'ankjacobianlag': 10,
 'anklinearsolvetol': 0.05,
 'anklinresmax': 0.9,
 'ankmaxiter': 40,
 'anknsubiterturb': 1,
 'ankouterpreconits': 1,
 'ankpcilufill': 2,
 'ankpcupdatetol': 0.5,
 'ankphysicallstol': 0.2,
 'ankphysicallstolturb': 0.99,
 'anksecondordswitchtol': 1e-16,
 'ankstepfactor': 1.0,
 'ankstepmin': 0.01,
 'anksubspacesize': -1,
 'ankswitchtol': 1.0,
 'ankturbcflscale': 1.0,
 'ankturbkspdebug': False,
 'ankunsteadylstol': 1.0,
 'ankusefullvisc': True,
 'ankusematrixfree': True,
 'ankuseturbdadi': False,
 'applyadjointpcsubspacesize': 20,
 'applypcsubspacesize': 10,
 'approxpc': True,
 'asmoverlap': 1,
 'autoadjointretry': False,
 'autosolveretry': False,
 'backgroundvolscale': 1.0,
 'betamode': False,
 'blocksplitting': True,
 'cavitationnumber': 1.4,
 'cfl': 0.8,
 'cflcoarse': 1.0,
 'cfllimit': 1.5,
 'closedsurfacefamilies': None,
 'coarsediscretization': 'central plus scalar dissipation',
 'computecavitation': False,
 'coupledsolution': False,
 'cutcallback': None,
 'debugzipper': False,
 'deltat': 0.01,
 'designsurfacefamily': None,
 'discretization': 'central plus scalar dissipation',
 'dissipationlumpingparameter': 6.0,
 'dissipationscalingexponent': 0.67,
 'eddyvisinfratio': 0.009,
 'equationmode': 'steady',
 'equationtype': 'RANS',
 'eulerwalltreatment': 'linear pressure extrapolation',
 'firstrun': True,
 'flowtype': 'external',
 'forcesastractions': True,
 'frozenturbulence': False,
 'globalpreconditioner': 'additive schwartz',
 'gridfile': '../mesh/wing_final_L3.cgns',
 'gridprecision': 'double',
 'gridprecisionsurface': 'single',
 'ilufill': 2,
 'infchangecorrection': False,
 'innerpreconits': 1,
 'isosurface': {},
 'isovariables': [],
 'l2convergence': 1e-14,
 'l2convergencecoarse': 0.01,
 'l2convergencerel': 1e-16,
 'liftindex': 3,
 'limiter': 'vanalbeda',
 'loadbalanceiter': 10,
 'loadimbalance': 0.1,
 'localpreconditioner': 'ilu',
 'lowspeedpreconditioner': False,
 'machmode': False,
 'matrixordering': 'rcm',
 'maxl2deviationfactor': 1.0,
 'meshsurfacefamily': None,
 'mgcycle': 'sg',
 'mgstartlevel': -1,
 'monitorvariables': ['resrho', 'resturb', 'cl', 'cd'],
 'ncycles': 20000,
 'ncyclescoarse': 500,
 'nearwalldist': 0.1,
 'nkadpc': False,
 'nkasmoverlap': 1,
 'nkcfl0': 100.0,
 'nkfixedstep': 0.25,
 'nkinnerpreconits': 1,
 'nkjacobianlag': 20,
 'nklinearsolvetol': 0.3,
 'nkls': 'cubic',
 'nkouterpreconits': 1,
 'nkpcilufill': 2,
 'nksubspacesize': 60,
 'nkswitchtol': 1e-06,
 'nkuseew': True,
 'nkviscpc': False,
 'nrefine': 10,
 'nrkreset': 20,
 'nsavesurface': 1,
 'nsavevolume': 1,
 'nsubiter': 1,
 'nsubiterturb': 1,
 'ntimestepscoarse': 48,
 'ntimestepsfine': 400,
 'numbersolutions': True,
 'outerpreconits': 3,
 'outputdirectory': 'output',
 'outputsurfacefamily': 'wall',
 'overlapfactor': 0.9,
 'oversetloadbalance': True,
 'oversetpriority': {},
 'oversetprojtol': 1e-12,
 'oversetupdatemode': 'frozen',
 'partitionlikenproc': -1,
 'partitiononly': False,
 'pmode': False,
 'preconditionerside': 'right',
 'printiterations': True,
 'printtiming': True,
 'printwarnings': True,
 'qmode': False,
 'resaveraging': 'alternateresaveraging',
 'restartadjoint': True,
 'restartfile': None,
 'restrictionrelaxation': 0.8,
 'rkreset': True,
 'rmode': False,
 'selfzipcutoff': 120.0,
 'sepsensoroffset': 0.0,
 'sepsensorsharpness': 10.0,
 'setmonitor': True,
 'skipafterfailedadjoint': True,
 'smoother': 'runge kutta',
 'smoothparameter': 1.5,
 'solutionprecision': 'single',
 'solutionprecisionsurface': 'single',
 'storerindlayer': True,
 'surfacevariables': ['cp', 'vx', 'vy', 'vz', 'mach', 'blank'],
 'timeaccuracy': 2,
 'timeintegrationscheme': 'bdf',
 'timeintervals': 1,
 'timelimit': -1.0,
 'tsstability': False,
 'turbresscale': 10000.0,
 'turbulencemodel': 'sa',
 'turbulenceorder': 'first order',
 'turbulenceproduction': 'strain',
 'useale': True,
 'useanksolver': True,
 'useapproxwalldistance': True,
 'useblockettes': True,
 'usediagtspc': True,
 'useft2sa': True,
 'usegridmotion': False,
 'uselinresmonitor': False,
 'usematrixfreedrdw': True,
 'usenksolver': True,
 'useoversetwallscaling': False,
 'useqcr': False,
 'userotationsa': False,
 'usewallfunctions': False,
 'usezippermesh': True,
 'verifyextra': True,
 'verifyspatial': True,
 'verifystate': True,
 'vis2': 0.25,
 'vis2coarse': 0.5,
 'vis4': 0.0156,
 'viscoussurfacevelocities': True,
 'viscpc': False,
 'viscwalltreatment': 'constant pressure extrapolation',
 'volumevariables': ['resrho', 'blank'],
 'walldistcutoff': 1e+20,
 'windaxis': False,
 'writesurfacesolution': True,
 'writetecplotsurfacesolution': False,
 'writevolumesolution': True,
 'zippersurfacefamily': 'overset'}
-> Alpha... 0.000000 
#
#                      Warning
# Conversion factor from grid units to meter not specified and some blocks
# do not have units. It is assumed that the grid is given in meters.
#
#
#                    Warning
# Specified load imbalance tolerance  0.100 not achieved.
# I continue with  0.113 load imbalance for the cells and  0.113 for the faces
#
#
# Grid level: 1, Total number of cells: 148336
#
+--------------------------------------------------+
  CGNS Surface Families by Boundary Condition Type
+--------------------------------------------------+
| Wall Types           : wall 
| Inflow Types : 
| Outflow Types : 
| Symmetry Types       : sym 
| Farfield Types       : far 
| Oveset Types         : overset 
+--------------------------------------------------+
 Flood Iteration:           1 Blanked            0 Interior Cells.
 +--------------------------------+
 | Compute Cells           :      127522
 | Fringe Cells            :       20720
 | Blanked Cells           :           8
 | Explicitly Blanked Cells:           0
 | Flooded   Cells         :           0
 | FloodSeed Cells         :          86
 +--------------------------------+
 Total number of orphans:          81
 Flood Iteration:           1 Blanked           86 Interior Cells.
 Flood Iteration:           2 Blanked            0 Interior Cells.
 +--------------------------------+
 | Compute Cells           :      127530
 | Fringe Cells            :       20720
 | Blanked Cells           :           0
 | Explicitly Blanked Cells:           0
 | Flooded   Cells         :           0
 | FloodSeed Cells         :          86
 +--------------------------------+
 Total number of orphans:           0
 Flood Iteration:           1 Blanked           86 Interior Cells.
 Flood Iteration:           2 Blanked            0 Interior Cells.
 +--------------------------------+
 | Compute Cells           :      127530
 | Fringe Cells            :       20720
 | Blanked Cells           :           0
 | Explicitly Blanked Cells:           0
 | Flooded   Cells         :           0
 | FloodSeed Cells         :          86
 +--------------------------------+
 Total number of orphans:           0
 +--------------------------------+
 | Compute Cells           :      127530
 | Fringe Cells            :       16801
 | Blanked Cells           :        3919
 | Explicitly Blanked Cells:           0
 | Flooded   Cells         :           0
 | FloodSeed Cells         :          86
 +--------------------------------+
 Total number of orphans:           0
+--------------------------------------------------+
|
| Initialization Times:
|
| Library Load Time             :      0.120 sec
| Set Defaults Time             :      0.001 sec
| Base class init Time          :      0.001 sec
| Introductory Time             :      0.004 sec
| Partitioning Time             :      1.401 sec
| Preprocessing Time            :      2.240 sec
| Family Setup Time             :      0.000 sec
| Cut callback Time             :      0.000 sec
| Overset Preprocessing Time    :      2.697 sec
| Initialize Flow Time          :      0.030 sec
|
| Total Init Time               :      6.496 sec
+--------------------------------------------------+
+----------------------------------------------------------------------+
|  Switching to Aero Problem: Re11720000.0_M0.8395_AoA3.06_L3          |
+----------------------------------------------------------------------+
-> Alpha... 3.060000 
+---------------------------------------+
|      All Modified ADFLOW Options:     |
+---------------------------------------+
{'ankuseturbdadi': False,
 'cfl': 0.8,
 'equationtype': 'RANS',
 'gridfile': '../mesh/wing_final_L3.cgns',
 'l2convergence': 1e-14,
 'liftindex': 3,
 'mgcycle': 'sg',
 'monitorvariables': ['resrho', 'resturb', 'cl', 'cd'],
 'ncycles': 20000,
 'nkswitchtol': 1e-06,
 'nrkreset': 20,
 'outputdirectory': 'output',
 'outputsurfacefamily': 'wall',
 'rkreset': True,
 'surfacevariables': ['cp', 'vx', 'vy', 'vz', 'mach', 'blank'],
 'turbresscale': 10000.0,
 'useanksolver': True,
 'usenksolver': True,
 'volumevariables': ['resrho', 'blank'],
 'zippersurfacefamily': 'overset'}
#
# Grid 1: Performing 20000 iterations, unless converged earlier. Minimum required iteration before NK switch:     20. Switch to NK at totalR of:   0.24E+02
#
#-------------------------------------------------------------------------------------------------------------------------------------------------------------------------------------
#  Grid  | Iter | Iter |  Iter  |   CFL   | Step | Lin  |        Res rho         |       Res nuturb       |         C_lift         |        C_drag          |        totalRes        |
#  level |      | Tot  |  Type  |         |      | Res  |                        |                        |                        |                        |                        |
#-------------------------------------------------------------------------------------------------------------------------------------------------------------------------------------
      1       0      0     None   0.00E+00  1.00   ----   0.1437784413966620E+05   0.2911780648544617E-02   0.3955817897559931E-02   0.2346305342980353E+00   0.2359043705069533E+08 
      1       1      1       RK   0.80E+00  1.00   ----   0.1253566643833857E+05   0.2767292871401481E-02   0.1652467342324088E+00   0.3032438037791680E+00   0.2026952386381972E+08 
      1       2      2       RK   0.80E+00  1.00   ----   0.1042732926573464E+05   0.8378282757721843E-03   0.2761149223730270E+00   0.3550291270074356E+00   0.1698198757557840E+08 
      1       3      3       RK   0.80E+00  1.00   ----   0.8278729405941649E+04   0.3838494494693420E-03   0.3306176204325203E+00   0.3917203506946936E+00   0.1377592758589066E+08 
      1       4      4       RK   0.80E+00  1.00   ----   0.6367148685849359E+04   0.2758399873467621E-03   0.3324093610301464E+00   0.4117843720831954E+00   0.1096778002997956E+08 
      1       5      5       RK   0.80E+00  1.00   ----   0.5023657194355051E+04   0.2171854580448020E-03   0.2967090462630682E+00   0.4151202064561200E+00   0.8995185799592927E+07 
      1       6      6       RK   0.80E+00  1.00   ----   0.4596125489785885E+04   0.1751946351880580E-03   0.2485846661636543E+00   0.4037990345468021E+00   0.8323423130724852E+07 
      1       7      7       RK   0.80E+00  1.00   ----   0.4990666627868170E+04   0.1657810944695632E-03   0.2124899064341627E+00   0.3813606688774359E+00   0.8920017852027968E+07 
      1       8      8       RK   0.80E+00  1.00   ----   0.5389147143477270E+04   0.1533986093441672E-03   0.2009836342465253E+00   0.3531277162323935E+00   0.9604839674086638E+07 
      1       9      9       RK   0.80E+00  1.00   ----   0.5144012330794331E+04   0.1054562727380177E-03   0.2126962520594328E+00   0.3259041949630156E+00   0.9156895054643018E+07 
      1      10     10       RK   0.80E+00  1.00   ----   0.4233348220130003E+04   0.4603451742059296E-04   0.2366936530953319E+00   0.3049031261851839E+00   0.7533202471372872E+07 
      1      11     11       RK   0.80E+00  1.00   ----   0.3252712209491110E+04   0.3092250042384930E-04   0.2587926302345791E+00   0.2937791928445909E+00   0.5895374101442967E+07 
      1      12     12       RK   0.80E+00  1.00   ----   0.2903215806563866E+04   0.4098710849295816E-04   0.2686880777485592E+00   0.2912245354853814E+00   0.5423505185072428E+07 
      1      13     13       RK   0.80E+00  1.00   ----   0.3189576631606076E+04   0.2972884242289075E-04   0.2647148279735397E+00   0.2955145141718269E+00   0.5922420208201277E+07 
      1      14     14       RK   0.80E+00  1.00   ----   0.3406215663087584E+04   0.2623600438406935E-04   0.2519897196554522E+00   0.3034440365992245E+00   0.6202179577476430E+07 
      1      15     15       RK   0.80E+00  1.00   ----   0.3083154291476970E+04   0.2413723604284140E-04   0.2388492869407727E+00   0.3106550741184251E+00   0.5552807084626501E+07 
      1      16     16       RK   0.80E+00  1.00   ----   0.2495384961978425E+04   0.2518929620599309E-04   0.2322060813719349E+00   0.3125369883222985E+00   0.4546021291854289E+07 
      1      17     17       RK   0.80E+00  1.00   ----   0.2256867123128264E+04   0.4016615602520948E-04   0.2340738231842544E+00   0.3084780897624370E+00   0.4208931803497656E+07 
      1      18     18       RK   0.80E+00  1.00   ----   0.2441363552132384E+04   0.5042015062317904E-04   0.2418576796774059E+00   0.2994700266886797E+00   0.4511120313189999E+07 
      1      19     19       RK   0.80E+00  1.00   ----   0.2554539950395324E+04   0.4353563557102249E-04   0.2505418196170105E+00   0.2880991456277429E+00   0.4663117768006119E+07 
      1      20     20       RK   0.80E+00  1.00   ----   0.2331117326149790E+04   0.3882966893761802E-04   0.2554572022208976E+00   0.2775935715965918E+00   0.4243599082239689E+07 
      1      21     23     *ANK   0.50E+01  0.14  0.020   0.2044265357676580E+04   0.1989622155800090E-04   0.2544189632564958E+00   0.2756156822909493E+00   0.3722258973391442E+07 
      1      22     27      ANK   0.50E+01  0.16  0.008   0.1761455859279382E+04   0.1688511181536678E-04   0.2534065138759337E+00   0.2734692064517856E+00   0.3207675640278333E+07 
      1      23     31      ANK   0.50E+01  0.18  0.019   0.1489543833131234E+04   0.1729927512751414E-04   0.2523660541861719E+00   0.2710810816712322E+00   0.2712449370039330E+07 
      1      24     35      ANK   0.50E+01  0.22  0.040   0.1222553618008921E+04   0.2087152568067977E-04   0.2512478412002945E+00   0.2682395514890306E+00   0.2226175442298434E+07 
      1      25     40      ANK   0.50E+01  0.22  0.025   0.1007834056647196E+04   0.2401912584253991E-04   0.2502838055912505E+00   0.2654514610275743E+00   0.1834010721768286E+07 
      1      26     43     *ANK   0.50E+01  0.27  0.037   0.7947044444365990E+03   0.2663646905536255E-04   0.2491969137040076E+00   0.2620250854741943E+00   0.1441677730916542E+07 
      1      27     47      ANK   0.50E+01  0.27  0.017   0.6365009669863763E+03   0.2519019279910089E-04   0.2482748536384175E+00   0.2585681868067871E+00   0.1149281051040733E+07 
      1      28     51      ANK   0.50E+01  0.30  0.024   0.5142258180636964E+03   0.2319242915785637E-04   0.2473960007473660E+00   0.2547699833587025E+00   0.9203283285538830E+06 
      1      29     55      ANK   0.50E+01  0.32  0.037   0.4267856565023096E+03   0.2132767109234453E-04   0.2465489777272466E+00   0.2505869377937902E+00   0.7517613059071768E+06 
      1      30     59     *ANK   0.56E+01  0.30  0.035   0.3741606464504859E+03   0.1908428015618104E-04   0.2457452799447281E+00   0.2461556571628481E+00   0.6446454904402604E+06 
      1      31     63      ANK   0.56E+01  0.36  0.042   0.3395589954443338E+03   0.1797051297437018E-04   0.2447975719827619E+00   0.2407099047772300E+00   0.5674909377383182E+06 
      1      32     68      ANK   0.56E+01  0.46  0.026   0.3225499026303067E+03   0.1719800871335591E-04   0.2436002940769919E+00   0.2337615359424085E+00   0.5218251476930262E+06 
      1      33     73      ANK   0.56E+01  0.48  0.032   0.3186469770350502E+03   0.1576937030947083E-04   0.2423217045670624E+00   0.2264884090252983E+00   0.5072052343097227E+06 
      1      34     78      ANK   0.56E+01  0.53  0.040   0.3181661123921085E+03   0.1441790825132557E-04   0.2407856918334538E+00   0.2181747055763836E+00   0.5060036496197935E+06 
      1      35     83      ANK   0.56E+01  0.64  0.048   0.3162297898606275E+03   0.1319172852889169E-04   0.2387831000168272E+00   0.2080309845423586E+00   0.5094220867581887E+06 
      1      36     89      ANK   0.56E+01  0.71  0.028   0.3102011931359755E+03   0.1208147623574772E-04   0.2363314233219276E+00   0.1966179904864304E+00   0.5106959057697445E+06 
      1      37     95      ANK   0.56E+01  0.83  0.033   0.3022459581435909E+03   0.1104808250321254E-04   0.2332415883394864E+00   0.1831536405669831E+00   0.5082382552653982E+06 
      1      38    101      ANK   0.56E+01  0.88  0.039   0.2982295781336574E+03   0.1009031303414488E-04   0.2297799798959251E+00   0.1686986749837404E+00   0.5045494175784393E+06 
      1      39    107      ANK   0.56E+01  0.89  0.043   0.2997343883204246E+03   0.9122547752976857E-05   0.2263343754929908E+00   0.1543421716294675E+00   0.5013793611117273E+06 
      1      40    113     *ANK   0.12E+02  0.35  0.034   0.2954137026361269E+03   0.7048988643211418E-05   0.2243319754995442E+00   0.1433003004731213E+00   0.4885675427248777E+06 
      1      41    119      ANK   0.12E+02  0.39  0.034   0.2893509161928451E+03   0.5822572163327090E-05   0.2226114740783734E+00   0.1319636469540347E+00   0.4724778391689378E+06 
      1      42    125      ANK   0.12E+02  0.43  0.034   0.2811114569782776E+03   0.5014249434723284E-05   0.2213353106617108E+00   0.1207583765586915E+00   0.4530644423951259E+06 
      1      43    131      ANK   0.12E+02  0.46  0.036   0.2706261919901293E+03   0.4379732325344837E-05   0.2206295657100739E+00   0.1100963688330810E+00   0.4308789313091306E+06 
      1      44    137      ANK   0.12E+02  0.53  0.046   0.2568149496678732E+03   0.3810181410059305E-05   0.2205912572481465E+00   0.9965930090519030E-01   0.4044998281202415E+06 
      1      45    144      ANK   0.12E+02  0.55  0.029   0.2399069597932582E+03   0.3279621425646888E-05   0.2214350814142193E+00   0.9095020325269794E-01   0.3750907161175921E+06 
      1      46    151      ANK   0.12E+02  0.59  0.040   0.2203832602872918E+03   0.2835721655969394E-05   0.2230932456549981E+00   0.8368265869914057E-01   0.3431780523480609E+06 
      1      47    159      ANK   0.12E+02  0.68  0.029   0.1976812749127917E+03   0.2516718340785522E-05   0.2257241876930350E+00   0.7764793920693285E-01   0.3074461826116494E+06 
      1      48    167      ANK   0.12E+02  0.85  0.038   0.1717851954115247E+03   0.2400287499488595E-05   0.2297050498716426E+00   0.7285965882050924E-01   0.2677007482777821E+06 
      1      49    175      ANK   0.12E+02  1.00  0.050   0.1457071044326754E+03   0.2515246480383478E-05   0.2350283631606293E+00   0.7013080098137396E-01   0.2282873974176760E+06 
#-------------------------------------------------------------------------------------------------------------------------------------------------------------------------------------
#  Grid  | Iter | Iter |  Iter  |   CFL   | Step | Lin  |        Res rho         |       Res nuturb       |         C_lift         |        C_drag          |        totalRes        |
#  level |      | Tot  |  Type  |         |      | Res  |                        |                        |                        |                        |                        |
#-------------------------------------------------------------------------------------------------------------------------------------------------------------------------------------
      1      50    185     *ANK   0.42E+02  0.62  0.046   0.1107644528031281E+03   0.2724357453688640E-05   0.2442736183869527E+00   0.6717497675592327E-01   0.1784214446998939E+06 
      1      51    195      ANK   0.42E+02  0.98  0.043   0.7876027112243897E+02   0.3068372222691878E-05   0.2561548293125878E+00   0.6283799608941409E-01   0.1353211267366850E+06 
      1      52    205      ANK   0.42E+02  1.00  0.037   0.5573137484305461E+02   0.3416692588487668E-05   0.2649364494006272E+00   0.5786041130839097E-01   0.1013880631743962E+06 
      1      53    221     *ANK   0.15E+03  1.00  0.042   0.5010853717678069E+02   0.5234533175468463E-05   0.2772747299065321E+00   0.4297018644082638E-01   0.1006433681029352E+06 
      1      54    236      ANK   0.15E+03  1.00  0.041   0.4420875917394579E+02   0.7441598188361073E-05   0.2840507821723540E+00   0.3380688779677991E-01   0.8837468861302677E+05 
      1      55    250      ANK   0.15E+03  1.00  0.049   0.3972825369027548E+02   0.9760235126293904E-05   0.2877839694428970E+00   0.2764176067904502E-01   0.7751959341828281E+05 
      1      56    264      ANK   0.15E+03  1.00  0.049   0.3521679268598781E+02   0.1077970191836782E-04   0.2890225012609094E+00   0.2335797766601766E-01   0.6746088597149133E+05 
      1      57    279      ANK   0.15E+03  1.00  0.045   0.3039925358146352E+02   0.1255536150247639E-04   0.2884279359968631E+00   0.2037005654671471E-01   0.5776631528368344E+05 
      1      58    294      ANK   0.15E+03  1.00  0.046   0.2548212342106194E+02   0.1365770446578540E-04   0.2867774208410472E+00   0.1838119790954947E-01   0.4871269325086132E+05 
      1      59    324     *ANK   0.50E+03  0.00  0.042   0.2548212342106193E+02   0.1365770446578540E-04   0.2867774208410472E+00   0.1838119790954947E-01   0.4871269325086132E+05 
      1      60    340     *ANK   0.25E+03  1.00  0.044   0.2420613564768391E+02   0.1506538816440816E-04   0.2838901305512666E+00   0.1649891655531560E-01   0.4736645376487459E+05 
      1      61    356      ANK   0.25E+03  1.00  0.038   0.2163837278667479E+02   0.1674459179287759E-04   0.2812193881953964E+00   0.1592092446542853E-01   0.4271808585671637E+05 
      1      62    371      ANK   0.25E+03  1.00  0.046   0.1864230439892038E+02   0.1859772899659158E-04   0.2792771990974235E+00   0.1583712464027591E-01   0.3737260543128029E+05 
      1      63    386      ANK   0.25E+03  1.00  0.039   0.1568739177617285E+02   0.1984062013300728E-04   0.2780529059769006E+00   0.1591113426195644E-01   0.3204347553423801E+05 
      1      64    400      ANK   0.25E+03  1.00  0.049   0.1341478029093363E+02   0.2149472557171399E-04   0.2775950471639507E+00   0.1601673678813042E-01   0.2754141919579131E+05 
      1      65    414      ANK   0.25E+03  1.00  0.044   0.1159718908359833E+02   0.2241187751876462E-04   0.2776669772225021E+00   0.1606199081409630E-01   0.2371086795730904E+05 
      1      66    442     *ANK   0.82E+03  0.00  0.048   0.1159718908359833E+02   0.2241187751876462E-04   0.2776669772225021E+00   0.1606199081409631E-01   0.2371086795730904E+05 
      1      67    457     *ANK   0.41E+03  1.00  0.040   0.1116575262460948E+02   0.2346784490419955E-04   0.2783945007306849E+00   0.1567972904203823E-01   0.2284669268392297E+05 
      1      68    472      ANK   0.41E+03  1.00  0.035   0.9773358915472910E+01   0.2435067449017099E-04   0.2793840287683289E+00   0.1549459686546197E-01   0.2014169375306925E+05 
      1      69    486      ANK   0.41E+03  1.00  0.044   0.8329682586213954E+01   0.2513034350878188E-04   0.2803507647670875E+00   0.1529785880811083E-01   0.1755402307884432E+05 
      1      70    499      ANK   0.41E+03  1.00  0.046   0.7307297472036836E+01   0.2583643948375858E-04   0.2811934567063294E+00   0.1508802733095510E-01   0.1565496344237989E+05 
      1      71    512      ANK   0.41E+03  1.00  0.041   0.6877179579859520E+01   0.2640833101710577E-04   0.2818641347733903E+00   0.1488507949346229E-01   0.1456173556842293E+05 
      1      72    524      ANK   0.41E+03  1.00  0.046   0.6732033144547904E+01   0.2683634827878783E-04   0.2823504763323998E+00   0.1470265525763000E-01   0.1390891074377316E+05 
      1      73    536      ANK   0.41E+03  1.00  0.044   0.6623265220599612E+01   0.2725923282453043E-04   0.2826635166222087E+00   0.1454667591495097E-01   0.1338865766333552E+05 
      1      74    548      ANK   0.41E+03  1.00  0.043   0.6705450362350937E+01   0.2752348101810095E-04   0.2828231274345227E+00   0.1441846051671811E-01   0.1319967117917939E+05 
      1      75    560      ANK   0.41E+03  1.00  0.038   0.6927882394577407E+01   0.2775487563876780E-04   0.2828584804283572E+00   0.1431570042050726E-01   0.1331655693991198E+05 
      1      76    572      ANK   0.41E+03  1.00  0.030   0.7103222360585149E+01   0.2795620085187192E-04   0.2828062564829809E+00   0.1423625593729402E-01   0.1348233024335429E+05 
      1      77    596     *ANK   0.11E+04  0.00  0.036   0.7103222360585149E+01   0.2795620085187192E-04   0.2828062564829809E+00   0.1423625593729402E-01   0.1348233024335429E+05 
      1      78    609     *ANK   0.55E+03  0.49  0.030   0.7118196166389687E+01   0.2805070120525724E-04   0.2827460830044503E+00   0.1416567430897816E-01   0.1354186894632297E+05 
      1      79    620      ANK   0.55E+03  0.70  0.049   0.7037206709335458E+01   0.2817265998702236E-04   0.2826594376094170E+00   0.1409403325499298E-01   0.1346021553243957E+05 
      1      80    631      ANK   0.55E+03  0.70  0.042   0.6954833607355209E+01   0.2827940655545879E-04   0.2825678602142137E+00   0.1404810506489455E-01   0.1334162035365864E+05 
      1      81    642      ANK   0.55E+03  0.70  0.038   0.6986378911891024E+01   0.2837332647644859E-04   0.2824725563096177E+00   0.1401397310422302E-01   0.1333714714447740E+05 
      1      82    655      ANK   0.55E+03  0.34  0.036   0.7027989107091795E+01   0.2841379525371121E-04   0.2824240123639242E+00   0.1399988986516064E-01   0.1333235874409511E+05 
      1      83    670      ANK   0.55E+03  0.17  0.035   0.7067260413290799E+01   0.2843242633855348E-04   0.2823996232808388E+00   0.1399326095686873E-01   0.1334734730966508E+05 
      1      84    687      ANK   0.55E+03  0.08  0.035   0.7092440853667113E+01   0.2844128189423894E-04   0.2823875041878021E+00   0.1399005922821694E-01   0.1336117784383221E+05 
      1      85    708      ANK   0.55E+03  0.02  0.035   0.7098585490931619E+01   0.2844337669992047E-04   0.2823845736816322E+00   0.1398929533733516E-01   0.1336440184110575E+05 
      1      86    731      ANK   0.55E+03  0.00  0.035   0.7098585490931619E+01   0.2844337669992047E-04   0.2823845736816322E+00   0.1398929533733516E-01   0.1336440184110575E+05 
      1      87    741     *ANK   0.28E+03  0.70  0.038   0.7303374335362268E+01   0.2952875149496754E-04   0.2823105267241836E+00   0.1406341828327307E-01   0.1337297296738833E+05 
      1      88    755      ANK   0.28E+03  0.17  0.037   0.7374861048141211E+01   0.2948853726614790E-04   0.2822918388841983E+00   0.1406914393449466E-01   0.1342036346590787E+05 
      1      89    770      ANK   0.28E+03  0.12  0.037   0.7428258725641468E+01   0.2946224429339509E-04   0.2822786789897471E+00   0.1407211253380157E-01   0.1346092973317327E+05 
      1      90    787      ANK   0.28E+03  0.06  0.037   0.7453786892255525E+01   0.2944992431851329E-04   0.2822721969494827E+00   0.1407325833358578E-01   0.1348050896563244E+05 
      1      91    805      ANK   0.28E+03  0.04  0.037   0.7471648045766947E+01   0.2944148868705526E-04   0.2822676460684180E+00   0.1407396435788098E-01   0.1349449807834700E+05 
      1      92    824      ANK   0.28E+03  0.03  0.037   0.7484074341124025E+01   0.2943567366143059E-04   0.2822644536531933E+00   0.1407441364457611E-01   0.1350432164361464E+05 
      1      93    844      ANK   0.28E+03  0.02  0.037   0.7492721981635586E+01   0.2943164635291175E-04   0.2822622155639190E+00   0.1407470685904022E-01   0.1351118856135468E+05 
      1      94    865      ANK   0.28E+03  0.01  0.037   0.7498754534071709E+01   0.2942884812803574E-04   0.2822606471698572E+00   0.1407490190001579E-01   0.1351599736783253E+05 
      1      95    886      ANK   0.28E+03  0.01  0.037   0.7504786091246030E+01   0.2942606503698282E-04   0.2822590775332136E+00   0.1407508989809392E-01   0.1352083876682282E+05 
      1      96    908      ANK   0.28E+03  0.00  0.037   0.7504786091246030E+01   0.2942606503698282E-04   0.2822590775332136E+00   0.1407508989809392E-01   0.1352083876682282E+05 
      1      97    916     *ANK   0.14E+03  1.00  0.042   0.7349631213286992E+01   0.2924738606831983E-04   0.2821866052403523E+00   0.1421175518779164E-01   0.1301526612188911E+05 
      1      98    924      ANK   0.14E+03  1.00  0.041   0.7417077927579489E+01   0.2912168556435214E-04   0.2821148444279003E+00   0.1423240121537215E-01   0.1305209628751187E+05 
      1      99    932      ANK   0.14E+03  1.00  0.036   0.7238777697187650E+01   0.2903149790784070E-04   0.2820415788606665E+00   0.1422246543380399E-01   0.1282367482877886E+05 
#-------------------------------------------------------------------------------------------------------------------------------------------------------------------------------------
#  Grid  | Iter | Iter |  Iter  |   CFL   | Step | Lin  |        Res rho         |       Res nuturb       |         C_lift         |        C_drag          |        totalRes        |
#  level |      | Tot  |  Type  |         |      | Res  |                        |                        |                        |                        |                        |
#-------------------------------------------------------------------------------------------------------------------------------------------------------------------------------------
      1     100    940      ANK   0.14E+03  1.00  0.034   0.6991602375628999E+01   0.2896604343800458E-04   0.2819638486519118E+00   0.1420255020370305E-01   0.1252946296630728E+05 
      1     101    948      ANK   0.14E+03  1.00  0.037   0.6649051934003391E+01   0.2891840805650364E-04   0.2818794607058414E+00   0.1417871737641240E-01   0.1208474974411698E+05 
      1     102    956      ANK   0.14E+03  1.00  0.042   0.6123044558515898E+01   0.2888382323041814E-04   0.2817866531676246E+00   0.1415308450029367E-01   0.1133741447604090E+05 
      1     103    964      ANK   0.14E+03  1.00  0.049   0.5352022173124729E+01   0.2885884574692557E-04   0.2816854630866946E+00   0.1412666565411067E-01   0.1019858924147766E+05 
      1     104    973      ANK   0.14E+03  1.00  0.036   0.4541987833862225E+01   0.2884103066209755E-04   0.2815696600287016E+00   0.1410002940962081E-01   0.8977592890531916E+04 
      1     105    982      ANK   0.14E+03  1.00  0.045   0.3990519258359386E+01   0.2882843506922723E-04   0.2814471556067377E+00   0.1407405801903868E-01   0.8094546633998294E+04 
      1     106    991      ANK   0.14E+03  1.00  0.049   0.4252514629585634E+01   0.2881984260361851E-04   0.2813181203185360E+00   0.1404930427804495E-01   0.8267047496694260E+04 
      1     107   1013     *ANK   0.34E+03  0.00  0.034   0.4252514629585634E+01   0.2881984260361851E-04   0.2813181203185360E+00   0.1404930427804495E-01   0.8267047496694262E+04 
      1     108   1028     *ANK   0.17E+03  0.08  0.041   0.4292231775116707E+01   0.2881946265685846E-04   0.2813060453028117E+00   0.1404505434596157E-01   0.8298282696576918E+04 
      1     109   1045      ANK   0.17E+03  0.04  0.041   0.4312249301341858E+01   0.2881928329711521E-04   0.2813000916436872E+00   0.1404304355658124E-01   0.8314420778927979E+04 
      1     110   1066      ANK   0.17E+03  0.00  0.040   0.4312249301341858E+01   0.2881928329711521E-04   0.2813000916436872E+00   0.1404304355658124E-01   0.8314420778927981E+04 
      1     111   1073     *ANK   0.85E+02  1.00  0.038   0.4946096309876753E+01   0.3528671245571432E-04   0.2812085272328556E+00   0.1407486553790343E-01   0.8956684638662937E+04 
      1     112   1080      ANK   0.85E+02  1.00  0.034   0.5321962073876254E+01   0.4378787973069811E-04   0.2811016337959656E+00   0.1408929080789750E-01   0.9385594907470029E+04 
      1     113   1087      ANK   0.85E+02  1.00  0.034   0.5238685014208720E+01   0.4881104367344595E-04   0.2809758399736370E+00   0.1411142498313299E-01   0.9236987816243989E+04 
      1     114   1094      ANK   0.85E+02  1.00  0.035   0.4680520408650883E+01   0.5287041147458241E-04   0.2808344984670969E+00   0.1414594890165251E-01   0.8475970953605438E+04 
      1     115   1101      ANK   0.85E+02  1.00  0.041   0.3845627881985946E+01   0.6181939158905675E-04   0.2806712074403111E+00   0.1420199143136527E-01   0.7507146135502555E+04 
      1     116   1109      ANK   0.85E+02  1.00  0.044   0.3088423116436058E+01   0.6173480482785467E-04   0.2804529303707421E+00   0.1431308562925597E-01   0.6883766827012206E+04 
      1     117   1118      ANK   0.85E+02  1.00  0.029   0.2476632705265920E+01   0.5972493665486773E-04   0.2801768866143848E+00   0.1447365385297102E-01   0.6545578458586478E+04 
      1     118   1127      ANK   0.85E+02  1.00  0.037   0.2052401955516843E+01   0.6721448658640784E-04   0.2798480387801620E+00   0.1466971352501177E-01   0.6533191548389227E+04 
      1     119   1136      ANK   0.85E+02  1.00  0.046   0.1881562457523784E+01   0.7309637439337950E-04   0.2794037552954692E+00   0.1494788466232782E-01   0.6791289796340242E+04 
      1     120   1146      ANK   0.85E+02  1.00  0.036   0.1852194878186783E+01   0.6561797956265513E-04   0.2788370328353584E+00   0.1527143611990139E-01   0.6891395618134179E+04 
      1     121   1158     *ANK   0.13E+03  0.49  0.038   0.1864507798366553E+01   0.6743902624064059E-04   0.2783874077376600E+00   0.1546852835797803E-01   0.7140485913272553E+04 
      1     122   1169      ANK   0.13E+03  0.70  0.043   0.1850249610615095E+01   0.7646451380994333E-04   0.2776162135780531E+00   0.1577471569742133E-01   0.7404967783293388E+04 
      1     123   1179      ANK   0.13E+03  1.00  0.049   0.1772369764481194E+01   0.8298421824438684E-04   0.2762843266663751E+00   0.1624748530508687E-01   0.7539189358571187E+04 
      1     124   1190      ANK   0.13E+03  1.00  0.034   0.1627892591883867E+01   0.8503027395113508E-04   0.2747459872210637E+00   0.1663227323963587E-01   0.7154510394574002E+04 
      1     125   1201      ANK   0.13E+03  1.00  0.038   0.1527881332340136E+01   0.8674793071210413E-04   0.2730384329061287E+00   0.1695748015329189E-01   0.6755870685215267E+04 
      1     126   1212      ANK   0.13E+03  1.00  0.042   0.1555868349290124E+01   0.8645389039609551E-04   0.2711988756011031E+00   0.1723710185026388E-01   0.6458070876811705E+04 
      1     127   1223      ANK   0.13E+03  1.00  0.045   0.1686209794417263E+01   0.1051708230148756E-03   0.2692691816218790E+00   0.1745407387196826E-01   0.6262241800468566E+04 
      1     128   1234      ANK   0.13E+03  1.00  0.050   0.2043596344328527E+01   0.1144060617508590E-03   0.2673533423590190E+00   0.1766097936925607E-01   0.6452993973987770E+04 
      1     129   1247      ANK   0.13E+03  0.70  0.033   0.2422486985452520E+01   0.1127814294030496E-03   0.2660499307585389E+00   0.1780303770821408E-01   0.6742106678939245E+04 
      1     130   1262      ANK   0.13E+03  0.34  0.033   0.2639000452134757E+01   0.7724087935353973E-04   0.2654598772373322E+00   0.1786408886879165E-01   0.6896737736542749E+04 
      1     131   1276     *ANK   0.13E+03  0.34  0.039   0.2842377339378456E+01   0.6058830564624727E-04   0.2648880602879970E+00   0.1791624751044518E-01   0.7063290317549200E+04 
      1     132   1295      ANK   0.13E+03  0.06  0.038   0.2882418769851345E+01   0.3683523592603395E-04   0.2647971227390744E+00   0.1792391235940442E-01   0.7122243326459952E+04 
      1     133   1319      ANK   0.13E+03  0.00  0.038   0.2882418769851346E+01   0.3683523592603395E-04   0.2647971227390744E+00   0.1792391235940442E-01   0.7122243326459951E+04 
      1     134   1329     *ANK   0.63E+02  1.00  0.024   0.3342372484408744E+01   0.2357733782626054E-04   0.2638092670289969E+00   0.1785048479808071E-01   0.6861672719026455E+04 
      1     135   1338      ANK   0.63E+02  1.00  0.049   0.3075132657997077E+01   0.2086634112654404E-04   0.2627867037159927E+00   0.1786310122060781E-01   0.6167326234071588E+04 
      1     136   1348      ANK   0.63E+02  1.00  0.024   0.2534366916755197E+01   0.2167458718529026E-04   0.2618236453599899E+00   0.1788744088725182E-01   0.5232452101614256E+04 
      1     137   1358      ANK   0.63E+02  1.00  0.026   0.2044256115816326E+01   0.2253825928073804E-04   0.2609775533321944E+00   0.1790706097823063E-01   0.4419864426210725E+04 
      1     138   1368      ANK   0.63E+02  1.00  0.028   0.1684240405189427E+01   0.2252530604779304E-04   0.2602591290122820E+00   0.1792120648675239E-01   0.3803347221232627E+04 
      1     139   1378      ANK   0.63E+02  1.00  0.030   0.1434305605064470E+01   0.2146152543349607E-04   0.2596743476566915E+00   0.1793176310227939E-01   0.3340016797796010E+04 
      1     140   1404     *ANK   0.21E+03  0.00  0.039   0.1434305605064470E+01   0.2146152543349607E-04   0.2596743476566915E+00   0.1793176310227939E-01   0.3340016797796010E+04 
      1     141   1415     *ANK   0.11E+03  1.00  0.040   0.1460221881223407E+01   0.1796592028820051E-04   0.2591297526112141E+00   0.1802295134627716E-01   0.3465946618209199E+04 
      1     142   1425      ANK   0.11E+03  1.00  0.049   0.1304305390175438E+01   0.1435078801312885E-04   0.2588719906916214E+00   0.1805111170833131E-01   0.3168717470412658E+04 
      1     143   1435      ANK   0.11E+03  1.00  0.047   0.1169613299210882E+01   0.1143448793138155E-04   0.2588306799896143E+00   0.1807309902180222E-01   0.2860951415166025E+04 
      1     144   1445      ANK   0.11E+03  1.00  0.047   0.1054076393823832E+01   0.9066549315459955E-05   0.2589725599725899E+00   0.1809950241960614E-01   0.2589296462315114E+04 
      1     145   1455      ANK   0.11E+03  1.00  0.049   0.9557371650760926E+00   0.7291466791206911E-05   0.2592638334381767E+00   0.1813126906188065E-01   0.2359873055820216E+04 
      1     146   1466      ANK   0.11E+03  1.00  0.040   0.8859086282729993E+00   0.5975443177501399E-05   0.2596914549206147E+00   0.1816867303337407E-01   0.2186395629567525E+04 
      1     147   1477      ANK   0.11E+03  1.00  0.041   0.8152742176927400E+00   0.4958765791489692E-05   0.2602102588074168E+00   0.1820808702942532E-01   0.2026718331206423E+04 
      1     148   1488      ANK   0.11E+03  1.00  0.042   0.7567772267846836E+00   0.4180361730294477E-05   0.2607881127206207E+00   0.1824801768696196E-01   0.1888737255924159E+04 
      1     149   1499      ANK   0.11E+03  1.00  0.043   0.7075206799250854E+00   0.3590063139920032E-05   0.2613953013874012E+00   0.1828711809320265E-01   0.1762877402240375E+04 
#-------------------------------------------------------------------------------------------------------------------------------------------------------------------------------------
#  Grid  | Iter | Iter |  Iter  |   CFL   | Step | Lin  |        Res rho         |       Res nuturb       |         C_lift         |        C_drag          |        totalRes        |
#  level |      | Tot  |  Type  |         |      | Res  |                        |                        |                        |                        |                        |
#-------------------------------------------------------------------------------------------------------------------------------------------------------------------------------------
      1     150   1510      ANK   0.11E+03  1.00  0.044   0.6631622012793403E+00   0.3151676745679693E-05   0.2620080278418083E+00   0.1832448978200292E-01   0.1640238877476513E+04 
      1     151   1538     *ANK   0.34E+03  0.00  0.039   0.6631622012793401E+00   0.3151676745679693E-05   0.2620080278418083E+00   0.1832448978200292E-01   0.1640238877476512E+04 
      1     152   1554     *ANK   0.17E+03  0.34  0.048   0.6653902643951164E+00   0.2017424954664716E-05   0.2622850080003846E+00   0.1835256299324463E-01   0.1664795431044927E+04 
      1     153   1567      ANK   0.17E+03  1.00  0.046   0.6534577030488483E+00   0.2059810112225751E-05   0.2630761826472137E+00   0.1842021139171337E-01   0.1678818853282138E+04 
      1     154   1580      ANK   0.17E+03  1.00  0.045   0.5981246652485180E+00   0.1977995709212410E-05   0.2638050209422184E+00   0.1846321625057764E-01   0.1539078822950238E+04 
      1     155   1593      ANK   0.17E+03  1.00  0.046   0.5354396437298080E+00   0.1875846380693779E-05   0.2644691260511367E+00   0.1849749304718258E-01   0.1371182101008169E+04 
      1     156   1606      ANK   0.17E+03  1.00  0.049   0.4748780378940550E+00   0.1770291316543436E-05   0.2650676618910863E+00   0.1852632084192376E-01   0.1212041577683152E+04 
      1     157   1620      ANK   0.17E+03  1.00  0.032   0.4248153847955126E+00   0.1655551336399021E-05   0.2656107125822105E+00   0.1855090575456317E-01   0.1078136169280970E+04 
      1     158   1634      ANK   0.17E+03  1.00  0.033   0.3835125090865970E+00   0.1551403378697445E-05   0.2660939403109474E+00   0.1857221236851022E-01   0.9685070358936869E+03 
      1     159   1648      ANK   0.17E+03  1.00  0.034   0.3528165788178298E+00   0.1432844582914445E-05   0.2665252604648620E+00   0.1859085390068602E-01   0.8811522992636238E+03 
      1     160   1662      ANK   0.17E+03  1.00  0.034   0.3285350293718048E+00   0.1325003818131570E-05   0.2669109099029418E+00   0.1860731555840788E-01   0.8080096672338898E+03 
      1     161   1692     *ANK   0.55E+03  0.00  0.044   0.3285350293718048E+00   0.1325003818131570E-05   0.2669109099029418E+00   0.1860731555840788E-01   0.8080096672338899E+03 
      1     162   1720     *ANK   0.28E+03  0.00  0.039   0.3285350293718045E+00   0.1325003818131570E-05   0.2669109099029418E+00   0.1860731555840788E-01   0.8080096672338898E+03 
      1     163   1734     *ANK   0.17E+03  1.00  0.034   0.3065040766843298E+00   0.1227450602054975E-05   0.2672542968770698E+00   0.1862168153173105E-01   0.7411602913104281E+03 
      1     164   1748      ANK   0.17E+03  1.00  0.032   0.2863797872992164E+00   0.1129266185558110E-05   0.2675623803643155E+00   0.1863477143560314E-01   0.6807961852241014E+03 
      1     165   1761      ANK   0.17E+03  1.00  0.048   0.2661039693118011E+00   0.1035497097403983E-05   0.2678358908370531E+00   0.1864673985499859E-01   0.6234399520384922E+03 
      1     166   1774      ANK   0.17E+03  1.00  0.047   0.2482572544083308E+00   0.9505692354927427E-06   0.2680834318297509E+00   0.1865755718370100E-01   0.5722355461093476E+03 
      1     167   1787      ANK   0.17E+03  1.00  0.044   0.2312927007424549E+00   0.8739437516464710E-06   0.2683068575987880E+00   0.1866738723857417E-01   0.5252347388694689E+03 
      1     168   1800      ANK   0.17E+03  1.00  0.043   0.2154778581318805E+00   0.8048105095388969E-06   0.2685085804791432E+00   0.1867635171822371E-01   0.4823842671061432E+03 
      1     169   1813      ANK   0.17E+03  1.00  0.041   0.2010511423968639E+00   0.7425946248619464E-06   0.2686909681448770E+00   0.1868454603508352E-01   0.4436053550893230E+03 
      1     170   1826      ANK   0.17E+03  1.00  0.040   0.1880815945658861E+00   0.6863402039137990E-06   0.2688562001133600E+00   0.1869204493642736E-01   0.4087117208181286E+03 
      1     171   1839      ANK   0.17E+03  1.00  0.039   0.1764265613603793E+00   0.6237971821825768E-06   0.2690062600549254E+00   0.1869891204493094E-01   0.3773758789387106E+03 
      1     172   1868     *ANK   0.58E+03  0.00  0.049   0.1764265613603784E+00   0.6237971821825767E-06   0.2690062600549254E+00   0.1869891204493094E-01   0.3773758789387111E+03 
      1     173   1895     *ANK   0.29E+03  0.00  0.041   0.1764265613603785E+00   0.6237971821825766E-06   0.2690062600549254E+00   0.1869891204493094E-01   0.3773758789387112E+03 
      1     174   1916     *ANK   0.25E+03  0.08  0.036   0.1769496574387213E+00   0.3855413728863225E-06   0.2690199683213643E+00   0.1870002412885454E-01   0.3792118353884583E+03 
      1     175   1932      ANK   0.25E+03  0.49  0.036   0.1783044838539946E+00   0.3071393732130996E-06   0.2691010041473044E+00   0.1870608838120428E-01   0.3876277910776111E+03 
      1     176   1945      ANK   0.25E+03  1.00  0.047   0.1723717805558448E+00   0.3517408446450936E-06   0.2692556282797222E+00   0.1871579974609455E-01   0.3815119264263151E+03 
      1     177   1958      ANK   0.25E+03  1.00  0.044   0.1608852334976909E+00   0.3637756815260660E-06   0.2693952466653747E+00   0.1872236719297682E-01   0.3533186225545606E+03 
      1     178   1971      ANK   0.25E+03  1.00  0.043   0.1497259941214852E+00   0.3583784436617533E-06   0.2695223464277680E+00   0.1872784245669858E-01   0.3247371481823290E+03 
      1     179   1984      ANK   0.25E+03  1.00  0.043   0.1393380545829569E+00   0.3427620146958892E-06   0.2696386278583811E+00   0.1873272787713321E-01   0.2985867230069109E+03 
      1     180   1997      ANK   0.25E+03  1.00  0.043   0.1294793517430309E+00   0.3215143696456019E-06   0.2697454146559649E+00   0.1873719665859743E-01   0.2746146421798069E+03 
      1     181   2010      ANK   0.25E+03  1.00  0.043   0.1200650105039253E+00   0.2982058524193851E-06   0.2698436895830403E+00   0.1874132298131153E-01   0.2524575969896675E+03 
      1     182   2023      ANK   0.25E+03  1.00  0.043   0.1111656277976936E+00   0.2755005586577714E-06   0.2699341738486146E+00   0.1874514368206258E-01   0.2319962468103645E+03 
      1     183   2036      ANK   0.25E+03  1.00  0.042   0.1028676440707216E+00   0.2468847406063438E-06   0.2700174242396053E+00   0.1874868115110105E-01   0.2132005920719107E+03 
      1     184   2065     *ANK   0.68E+03  0.00  0.045   0.1028676440707215E+00   0.2468847406063439E-06   0.2700174242396053E+00   0.1874868115110105E-01   0.2132005920719107E+03 
      1     185   2080     *ANK   0.34E+03  0.70  0.038   0.1034872447491109E+00   0.1896233729756789E-06   0.2700794539526317E+00   0.1875247115398861E-01   0.2178325630861831E+03 
      1     186   2093      ANK   0.34E+03  1.00  0.048   0.9676976837739708E-01   0.1822855344551091E-06   0.2701605498576942E+00   0.1875647384320588E-01   0.2063113976291501E+03 
      1     187   2106      ANK   0.34E+03  1.00  0.047   0.8827159510069986E-01   0.1700451345737241E-06   0.2702345527909228E+00   0.1875956318822192E-01   0.1880852974470339E+03 
      1     188   2119      ANK   0.34E+03  1.00  0.047   0.8046945618751193E-01   0.1564050213538457E-06   0.2703018488608580E+00   0.1876228129747153E-01   0.1708200026786494E+03 
      1     189   2132      ANK   0.34E+03  1.00  0.048   0.7355853807011484E-01   0.1426269583697351E-06   0.2703628562452629E+00   0.1876475062956973E-01   0.1553964794350668E+03 
      1     190   2145      ANK   0.34E+03  1.00  0.048   0.6734216415386704E-01   0.1294035205457401E-06   0.2704180037905470E+00   0.1876700869892420E-01   0.1415330340186478E+03 
      1     191   2158      ANK   0.34E+03  1.00  0.048   0.6173641468653780E-01   0.1170954139820424E-06   0.2704677201778024E+00   0.1876907207294110E-01   0.1290060464100134E+03 
      1     192   2171      ANK   0.34E+03  1.00  0.048   0.5675082193144282E-01   0.1058465406136061E-06   0.2705124323913502E+00   0.1877095284960688E-01   0.1177333814214802E+03 
      1     193   2184      ANK   0.34E+03  1.00  0.048   0.5236862070467216E-01   0.9567129835669929E-07   0.2705525594173153E+00   0.1877266310075300E-01   0.1076276435674228E+03 
      1     194   2197      ANK   0.34E+03  1.00  0.048   0.4850593292269479E-01   0.8650517194217442E-07   0.2705885052872476E+00   0.1877421524792348E-01   0.9853405979653216E+02 
      1     195   2227     *ANK   0.12E+04  0.00  0.046   0.4850593292269478E-01   0.8650517194217456E-07   0.2705885052872476E+00   0.1877421524792348E-01   0.9853405979653213E+02 
      1     196   2254     *ANK   0.59E+03  0.00  0.050   0.4850593292269469E-01   0.8650517194217459E-07   0.2705885052872476E+00   0.1877421524792348E-01   0.9853405979653201E+02 
      1     197   2268     *ANK   0.49E+03  1.00  0.044   0.4853221506625047E-01   0.7423758833640797E-07   0.2706256113126342E+00   0.1877621583908685E-01   0.1001404404642949E+03 
      1     198   2282      ANK   0.49E+03  1.00  0.039   0.4376136207302783E-01   0.6551487481961136E-07   0.2706582194325804E+00   0.1877763943676294E-01   0.9068647851981032E+02 
      1     199   2296      ANK   0.49E+03  1.00  0.039   0.3932106431795167E-01   0.5850110111732622E-07   0.2706870004002899E+00   0.1877885886387956E-01   0.8107020361672748E+02 
#-------------------------------------------------------------------------------------------------------------------------------------------------------------------------------------
#  Grid  | Iter | Iter |  Iter  |   CFL   | Step | Lin  |        Res rho         |       Res nuturb       |         C_lift         |        C_drag          |        totalRes        |
#  level |      | Tot  |  Type  |         |      | Res  |                        |                        |                        |                        |                        |
#-------------------------------------------------------------------------------------------------------------------------------------------------------------------------------------
      1     200   2310      ANK   0.49E+03  1.00  0.039   0.3560807950516772E-01   0.5247392656326492E-07   0.2707123539554840E+00   0.1877994587321737E-01   0.7267845778328213E+02 
      1     201   2324      ANK   0.49E+03  1.00  0.039   0.3243307769021395E-01   0.4716110457490327E-07   0.2707346621228568E+00   0.1878092350723210E-01   0.6538228614863715E+02 
      1     202   2338      ANK   0.49E+03  1.00  0.039   0.2960147059261953E-01   0.4478498624230255E-07   0.2707542647361165E+00   0.1878180335890545E-01   0.5891437949699093E+02 
      1     203   2352      ANK   0.49E+03  1.00  0.039   0.2701311078262130E-01   0.4037608971254747E-07   0.2707714584372935E+00   0.1878259348594944E-01   0.5310755796469806E+02 
      1     204   2366      ANK   0.49E+03  1.00  0.038   0.2461880544909480E-01   0.3630473143243769E-07   0.2707865124732398E+00   0.1878330070644523E-01   0.4785729776669895E+02 
      1     205   2396     *ANK   0.16E+04  0.00  0.045   0.2461880544909480E-01   0.3630473143243755E-07   0.2707865124732398E+00   0.1878330070644523E-01   0.4785729776669896E+02 
      1     206   2411     *ANK   0.80E+03  1.00  0.041   0.2384089337717718E-01   0.2933907510397050E-07   0.2708018695674959E+00   0.1878413495939175E-01   0.4767218652922923E+02 
      1     207   2425      ANK   0.80E+03  1.00  0.044   0.2116077096685008E-01   0.2775228819273378E-07   0.2708147909331058E+00   0.1878475161819415E-01   0.4255851151129944E+02 
      1     208   2439      ANK   0.80E+03  1.00  0.044   0.1876515558659597E-01   0.2484334948012678E-07   0.2708260186373523E+00   0.1878528076890517E-01   0.3760228163057055E+02 
      1     209   2453      ANK   0.80E+03  1.00  0.044   0.1680054978476180E-01   0.2218547465416313E-07   0.2708357008682670E+00   0.1878574966361091E-01   0.3335234122774229E+02 
      1     210   2467      ANK   0.80E+03  1.00  0.044   0.1518839077663877E-01   0.1979654359359337E-07   0.2708440025313551E+00   0.1878616541063428E-01   0.2973458713690413E+02 
      1     211   2481      ANK   0.80E+03  1.00  0.043   0.1381304159697348E-01   0.1765001484793261E-07   0.2708510800952517E+00   0.1878653223569434E-01   0.2658239291290679E+02 
      1     212   2495      ANK   0.80E+03  1.00  0.042   0.1259831753958444E-01   0.1572474402650736E-07   0.2708570802032978E+00   0.1878685415399737E-01   0.2378340433162195E+02 
      1     213   2524     *ANK   0.25E+04  0.00  0.048   0.1259831753958445E-01   0.1572474402650733E-07   0.2708570802032978E+00   0.1878685415399737E-01   0.2378340433162194E+02 
      1     214   2539     *ANK   0.13E+04  1.00  0.041   0.1189357181678926E-01   0.1261134094680677E-07   0.2708628030809895E+00   0.1878718356334818E-01   0.2266022070712086E+02 
      1     215   2563      *NK     ----    1.00  0.288   0.4987469649371419E-02   0.1578618610209025E-07   0.2708778355201659E+00   0.1878836383723274E-01   0.6523896230692119E+01 
      1     216   2598       NK     ----    1.00  0.138   0.1321320895713255E-02   0.1945361658741980E-08   0.2708850646145642E+00   0.1878883076865203E-01   0.8978285553467821E+00 
      1     217   2659       NK     ----    1.00  0.038   0.4071343323013119E-04   0.9265189524843663E-10   0.2708850491927541E+00   0.1878881104142375E-01   0.3541574745662444E-01 
      1     218   2721       NK     ----    1.00  0.054   0.2824519187700647E-05   0.3810350308383712E-11   0.2708850242609014E+00   0.1878881222473735E-01   0.1920436163808993E-02 
      1     219   2783       NK     ----    1.00  0.069   0.2120265548780374E-06   0.5206148823129501E-12   0.2708850244702726E+00   0.1878881238892159E-01   0.1322979488306210E-03 
      1     220   2845       NK     ----    1.00  0.054   0.1103182420855939E-07   0.1112481459721417E-13   0.2708850244027005E+00   0.1878881239136605E-01   0.7197462010672337E-05 
      1     221   2907       NK     ----    1.00  0.084   0.1076692706153857E-08   0.1003719453077125E-14   0.2708850244003386E+00   0.1878881239214670E-01   0.6027918924509964E-06 
      1     222   2969       NK     ----    1.00  0.108   0.1037929216294648E-09   0.8535583303784575E-16   0.2708850244002617E+00   0.1878881239218567E-01   0.6518379421521204E-07 
#
# Writing grid file(s): output/Re11720000.0_M0.8395_AoA3.06_L3_000_vol.cgns
# Grid file(s) written
#
#
# Writing volume solution file(s): output/Re11720000.0_M0.8395_AoA3.06_L3_000_vol.cgns
# Volume solution file(s) written
#
#
# Writing surface solution file(s): output/Re11720000.0_M0.8395_AoA3.06_L3_000_surf.cgns
# Surface solution file(s) written
#
+-------------------------------------------------+
|
| Solution Timings:
|
| Set AeroProblem Time          :      0.358 sec
| Solution Time                 :    118.421 sec
| Write Solution Time           :      0.568 sec
| Stability Parameter Time      :      0.000 sec
|
| Total Call Time               :    119.348 sec
+--------------------------------------------------+
-> Alpha... 3.060000 
+---------------------------------------------------+
|
| Function Timings:
|
| Function AeroProblem Time     :      0.002 sec
| Function Evaluation Time      :      0.002 sec
| User Function Evaluation Time :      0.000 sec
|
| Total Function Evaluation Time:      0.004 sec
+--------------------------------------------------+
CL: 0.2708850244002616, CD: 0.018788812392185668, CM: -0.0208008936796826
